<?xml version="1.0" encoding="UTF-8"?>
<!-- Generated by org.testng.reporters.JUnitXMLReporter -->
<testsuite ignored="0" hostname="apples-MacBook-Pro.local" failures="0" tests="2" name="Test" time="0.158" errors="0" timestamp="2023-09-26T16:17:54 IST">
  <testcase classname="AppiumLearning.AndroidBaseTest" name="@BeforeClass ConfigureAppium" time="0.087">
    <failure type="java.lang.NullPointerException">
      <![CDATA[java.lang.NullPointerException
at java.base/java.io.FileOutputStream.<init>(FileOutputStream.java:228)
at java.base/java.io.FileOutputStream.<init>(FileOutputStream.java:187)
at org.openqa.selenium.remote.service.DriverService$Builder.getLogOutput(DriverService.java:448)
at org.openqa.selenium.remote.service.DriverService$Builder.build(DriverService.java:495)
at AppiumLearning.AndroidBaseTest.ConfigureAppium(AndroidBaseTest.java:34)
at java.base/java.util.ArrayList.forEach(ArrayList.java:1541)
... Removed 25 stack frames]]>
    </failure>
  </testcase> <!-- @BeforeClass ConfigureAppium -->
  <testcase classname="AppiumLearning.GeneralStore_ToastMessage1" name="@BeforeMethod preSetup" time="0.0">
    <skipped/>
  </testcase> <!-- @BeforeMethod preSetup -->
  <testcase classname="AppiumLearning.GeneralStore_ToastMessage1" name="@BeforeMethod preSetup" time="0.0">
    <skipped/>
  </testcase> <!-- @BeforeMethod preSetup -->
  <testcase classname="AppiumLearning.AndroidBaseTest" name="@AfterClass TearDown" time="0.0">
    <skipped/>
  </testcase> <!-- @AfterClass TearDown -->
  <testcase classname="AppiumLearning.GeneralStore_ToastMessage1" name="GeneralStore_Positive" time="0.0">
    <skipped/>
  </testcase> <!-- GeneralStore_Positive -->
  <testcase classname="AppiumLearning.GeneralStore_ToastMessage1" name="preSetup" time="0.0">
    <skipped/>
  </testcase> <!-- preSetup -->
</testsuite> <!-- Test -->
