<?xml version="1.0" encoding="UTF-8"?>
<testng-results ignored="0" total="1" passed="1" failed="0" skipped="0">
  <reporter-output>
  </reporter-output>
  <suite started-at="2023-09-04T00:24:12 IST" name="Default suite" finished-at="2023-09-04T00:25:13 IST" duration-ms="60297">
    <groups>
    </groups>
    <test started-at="2023-09-04T00:24:12 IST" name="Default test" finished-at="2023-09-04T00:25:13 IST" duration-ms="60297">
      <class name="AppiumLearning.GeneralStoreTestcase4_hybrid">
        <test-method is-config="true" signature="ConfigureAppium()[pri:0, instance:AppiumLearning.GeneralStoreTestcase4_hybrid@7fa98a66]" started-at="2023-09-04T00:24:12 IST" name="ConfigureAppium" finished-at="2023-09-04T00:24:28 IST" duration-ms="15717" status="PASS">
          <reporter-output>
          </reporter-output>
        </test-method> <!-- ConfigureAppium -->
        <test-method signature="GeneralStoreTestcase3test()[pri:0, instance:AppiumLearning.GeneralStoreTestcase4_hybrid@7fa98a66]" started-at="2023-09-04T00:24:28 IST" name="GeneralStoreTestcase3test" finished-at="2023-09-04T00:25:12 IST" duration-ms="43535" status="PASS">
          <reporter-output>
          </reporter-output>
        </test-method> <!-- GeneralStoreTestcase3test -->
        <test-method is-config="true" signature="TearDown()[pri:0, instance:AppiumLearning.GeneralStoreTestcase4_hybrid@7fa98a66]" started-at="2023-09-04T00:25:12 IST" name="TearDown" finished-at="2023-09-04T00:25:13 IST" duration-ms="994" status="PASS">
          <reporter-output>
          </reporter-output>
        </test-method> <!-- TearDown -->
      </class> <!-- AppiumLearning.GeneralStoreTestcase4_hybrid -->
    </test> <!-- Default test -->
  </suite> <!-- Default suite -->
</testng-results>
