<?xml version="1.0" encoding="UTF-8"?>
<testng-results ignored="0" total="1" passed="1" failed="0" skipped="0">
  <reporter-output>
  </reporter-output>
  <suite started-at="2023-09-05T01:57:40 IST" name="Default suite" finished-at="2023-09-05T01:58:22 IST" duration-ms="41840">
    <groups>
    </groups>
    <test started-at="2023-09-05T01:57:40 IST" name="Default test" finished-at="2023-09-05T01:58:22 IST" duration-ms="41840">
      <class name="AppiumLearning.GeneralStoreTestcase4_hybrid">
        <test-method is-config="true" signature="ConfigureAppium()[pri:0, instance:AppiumLearning.GeneralStoreTestcase4_hybrid@1a451d4d]" started-at="2023-09-05T01:57:40 IST" name="ConfigureAppium" finished-at="2023-09-05T01:57:49 IST" duration-ms="9514" status="PASS">
          <reporter-output>
          </reporter-output>
        </test-method> <!-- ConfigureAppium -->
        <test-method signature="GeneralStoreTestcase3test()[pri:0, instance:AppiumLearning.GeneralStoreTestcase4_hybrid@1a451d4d]" started-at="2023-09-05T01:57:49 IST" name="GeneralStoreTestcase3test" finished-at="2023-09-05T01:58:21 IST" duration-ms="31502" status="PASS">
          <reporter-output>
          </reporter-output>
        </test-method> <!-- GeneralStoreTestcase3test -->
        <test-method is-config="true" signature="TearDown()[pri:0, instance:AppiumLearning.GeneralStoreTestcase4_hybrid@1a451d4d]" started-at="2023-09-05T01:58:21 IST" name="TearDown" finished-at="2023-09-05T01:58:22 IST" duration-ms="767" status="PASS">
          <reporter-output>
          </reporter-output>
        </test-method> <!-- TearDown -->
      </class> <!-- AppiumLearning.GeneralStoreTestcase4_hybrid -->
    </test> <!-- Default test -->
  </suite> <!-- Default suite -->
</testng-results>
